10:03:26.932 [main] INFO  testCases.LoginTest - ***** started Login Test****
10:03:26.978 [main] INFO  testCases.LoginTest - Entered username
10:03:27.617 [main] INFO  testCases.LoginTest - Entered username
10:03:27.767 [main] INFO  testCases.LoginTest - click on login
10:03:27.876 [main] ERROR testCases.LoginTest - test is failed
10:03:33.089 [main] INFO  testCases.LoginTest2 - ***** started Login Test****
10:03:33.090 [main] INFO  testCases.LoginTest2 - Entered username
10:03:33.749 [main] INFO  testCases.LoginTest2 - Entered username
10:03:33.940 [main] INFO  testCases.LoginTest2 - click on login
10:03:35.091 [main] ERROR testCases.LoginTest2 - test is failed
09:17:46.414 [main] INFO  testCases.LoginTest - ***** started Login Test****
09:17:46.564 [main] INFO  testCases.LoginTest - Entered username
09:17:49.497 [main] INFO  testCases.LoginTest - Entered username
09:17:49.670 [main] INFO  testCases.LoginTest - click on login
09:17:49.779 [main] ERROR testCases.LoginTest - test is failed
09:18:04.474 [main] INFO  testCases.LoginTest2 - ***** started Login Test****
09:18:04.475 [main] INFO  testCases.LoginTest2 - Entered username
09:18:05.326 [main] INFO  testCases.LoginTest2 - Entered username
09:18:05.481 [main] INFO  testCases.LoginTest2 - click on login
09:18:05.651 [main] ERROR testCases.LoginTest2 - test is failed
09:20:30.454 [main] INFO  testCases.LoginTest - ***** started Login Test****
09:20:30.511 [main] INFO  testCases.LoginTest - Entered username
09:20:30.997 [main] INFO  testCases.LoginTest - Entered username
09:20:31.147 [main] INFO  testCases.LoginTest - click on login
09:20:31.243 [main] ERROR testCases.LoginTest - test is failed
09:20:36.077 [main] INFO  testCases.LoginTest - ***** started Login Test****
09:20:36.077 [main] INFO  testCases.LoginTest - Entered username
09:20:40.595 [main] INFO  testCases.LoginTest - Entered username
09:20:40.760 [main] INFO  testCases.LoginTest - click on login
09:20:40.895 [main] ERROR testCases.LoginTest - test is failed
09:21:30.364 [TestNG-tests-1] INFO  testCases.LoginTest - ***** started Login Test****
09:21:30.448 [TestNG-tests-1] INFO  testCases.LoginTest - Entered username
09:21:31.247 [TestNG-tests-1] INFO  testCases.LoginTest - Entered username
09:21:31.393 [TestNG-tests-1] INFO  testCases.LoginTest - click on login
09:21:31.923 [TestNG-tests-2] INFO  testCases.LoginTest - ***** started Login Test****
09:21:31.924 [TestNG-tests-2] INFO  testCases.LoginTest - Entered username
09:21:32.708 [TestNG-tests-1] ERROR testCases.LoginTest - test is failed
09:21:32.965 [TestNG-tests-2] INFO  testCases.LoginTest - Entered username
09:21:33.175 [TestNG-tests-2] INFO  testCases.LoginTest - click on login
09:21:34.362 [TestNG-tests-2] ERROR testCases.LoginTest - test is failed
09:44:13 [TestNG-tests-1] INFO  testCases.LoginTest - ***** started Login Test****
09:44:14 [TestNG-tests-1] INFO  testCases.LoginTest - Entered username
09:44:15 [TestNG-tests-1] INFO  testCases.LoginTest - Entered username
09:44:16 [TestNG-tests-1] INFO  testCases.LoginTest - click on login
09:44:17 [TestNG-tests-1] ERROR testCases.LoginTest - test is failed
09:44:18 [TestNG-tests-2] INFO  testCases.LoginTest - ***** started Login Test****
09:44:18 [TestNG-tests-2] INFO  testCases.LoginTest - Entered username
09:44:19 [TestNG-tests-2] INFO  testCases.LoginTest - Entered username
09:44:20 [TestNG-tests-2] INFO  testCases.LoginTest - click on login
09:44:21 [TestNG-tests-2] ERROR testCases.LoginTest - test is failed
